<?xml version="1.0" encoding="UTF-8"?>
<!-- Generated by org.testng.reporters.JUnitXMLReporter -->
<testsuite ignored="1" hostname="DESKTOP-6M5KVK5" failures="0" tests="5" name="Test" time="0.022" errors="0" timestamp="20 Jun 2022 07:24:49 GMT">
  <testcase classname="sample.SampleTestSuiteFile" name="test" time="0.005"/>
  <testcase classname="sample.SampleTestSuiteFile" name="test1" time="0.001"/>
  <testcase classname="sample.SampleTestSuiteFile" name="test2" time="0.001"/>
  <testcase classname="sample.SampleTestSuiteFile2" name="test3" time="0.001"/>
  <testcase classname="sample.SampleTestSuiteFile2" name="test4" time="0.001"/>
  <testcase classname="sample.SampleTestSuiteFile2" name="test5" time="0.0">
    <ignored/>
  </testcase> <!-- test5 -->
</testsuite> <!-- Test -->
