<?xml version="1.0" encoding="UTF-8"?>
<!-- Generated by org.testng.reporters.JUnitXMLReporter -->
<testsuite ignored="2" hostname="DESKTOP-6M5KVK5" failures="0" tests="1" name="SingleTestCase" time="0.018" errors="0" timestamp="20 Jun 2022 07:18:31 GMT">
  <testcase classname="sample.SampleTestSuiteFile" name="test1" time="0.005"/>
  <testcase classname="sample.SampleTestSuiteFile" name="test2" time="0.0">
    <ignored/>
  </testcase> <!-- test2 -->
  <testcase classname="sample.SampleTestSuiteFile" name="test" time="0.0">
    <ignored/>
  </testcase> <!-- test -->
</testsuite> <!-- SingleTestCase -->
